<?xml version="1.0" encoding="UTF-8"?>
<!-- Generated by org.testng.reporters.JUnitXMLReporter -->
<testsuite hostname="Cielos-MacBook-Pro.local" name="Default test" tests="5" failures="0" timestamp="13 Mar 2016 12:48:06 GMT" time="1704.644" errors="0">
  <testcase name="CreateNewBlankPage" time="293.526" classname="com.confluence.test.CreateNewPageTest_Blank"/>
  <testcase name="CreateNewBlankPage" time="278.439" classname="com.confluence.test.CreateNewPageTest_Blank"/>
  <testcase name="CreateNewBlankPage" time="344.521" classname="com.confluence.test.CreateNewPageTest_Blank"/>
  <testcase name="CreateNewBlankPage" time="363.74" classname="com.confluence.test.CreateNewPageTest_Blank"/>
  <testcase name="CreateNewBlankPage" time="369.638" classname="com.confluence.test.CreateNewPageTest_Blank"/>
</testsuite> <!-- Default test -->
