<?xml version="1.0" encoding="UTF-8"?>
<!-- Generated by org.testng.reporters.JUnitXMLReporter -->
<testsuite hostname="Cielos-MacBook-Pro.local" name="Default test" tests="5" failures="0" timestamp="13 Mar 2016 09:38:29 GMT" time="685.528" errors="0">
  <testcase name="CreateNewBlankPage" time="122.711" classname="com.confluence.test.CreateNewPageTest_Blank"/>
  <testcase name="CreateNewBlankPage" time="109.588" classname="com.confluence.test.CreateNewPageTest_Blank"/>
  <testcase name="CreateNewBlankPage" time="172.36" classname="com.confluence.test.CreateNewPageTest_Blank"/>
  <testcase name="CreateNewBlankPage" time="145.089" classname="com.confluence.test.CreateNewPageTest_Blank"/>
  <testcase name="CreateNewBlankPage" time="95.701" classname="com.confluence.test.CreateNewPageTest_Blank"/>
</testsuite> <!-- Default test -->
