<?xml version="1.0" encoding="UTF-8"?>
<testng-results skipped="0" failed="0" total="5" passed="5">
  <reporter-output>
  </reporter-output>
  <suite name="Default suite" duration-ms="685528" started-at="2016-03-13T09:27:03Z" finished-at="2016-03-13T09:38:28Z">
    <groups>
    </groups>
    <test name="Default test" duration-ms="685528" started-at="2016-03-13T09:27:03Z" finished-at="2016-03-13T09:38:28Z">
      <class name="com.confluence.test.CreateNewPageTest_Blank">
        <test-method status="PASS" signature="SetUp()[pri:0, instance:com.confluence.test.CreateNewPageTest_Blank@6d85ada3]" name="SetUp" is-config="true" duration-ms="9951" started-at="2016-03-13T17:27:03Z" finished-at="2016-03-13T17:27:13Z">
          <reporter-output>
          </reporter-output>
        </test-method> <!-- SetUp -->
        <test-method status="PASS" signature="CreateNewBlankPage(java.lang.String, java.lang.String, java.lang.String, java.lang.String, java.lang.String, java.lang.String)[pri:0, instance:com.confluence.test.CreateNewPageTest_Blank@6d85ada3]" name="CreateNewBlankPage" duration-ms="122711" started-at="2016-03-13T17:27:13Z" data-provider="DP For Creation of Blank Page" finished-at="2016-03-13T17:29:16Z">
          <params>
            <param index="0">
              <value>
                <![CDATA[Yes]]>
              </value>
            </param>
            <param index="1">
              <value>
                <![CDATA[https://pcaande.atlassian.net/login]]>
              </value>
            </param>
            <param index="2">
              <value>
                <![CDATA[ppeneojy@gmail.com]]>
              </value>
            </param>
            <param index="3">
              <value>
                <![CDATA[testCandidate!@#$%]]>
              </value>
            </param>
            <param index="4">
              <value>
                <![CDATA[Open company, no bullshit]]>
              </value>
            </param>
            <param index="5">
              <value>
                <![CDATA[Openness is root level for us. Information is open internally by default and sharing is a first principle. And we understand that speaking your mind requires equal parts brains (what to say), thoughtfulness (when to say it), and caring (how it’s said).]]>
              </value>
            </param>
          </params>
          <reporter-output>
          </reporter-output>
        </test-method> <!-- CreateNewBlankPage -->
        <test-method status="PASS" signature="TearDown()[pri:0, instance:com.confluence.test.CreateNewPageTest_Blank@6d85ada3]" name="TearDown" is-config="true" duration-ms="220" started-at="2016-03-13T17:29:16Z" finished-at="2016-03-13T17:29:16Z">
          <reporter-output>
          </reporter-output>
        </test-method> <!-- TearDown -->
        <test-method status="PASS" signature="SetUp()[pri:0, instance:com.confluence.test.CreateNewPageTest_Blank@6d85ada3]" name="SetUp" is-config="true" duration-ms="7002" started-at="2016-03-13T17:29:16Z" finished-at="2016-03-13T17:29:23Z">
          <reporter-output>
          </reporter-output>
        </test-method> <!-- SetUp -->
        <test-method status="PASS" signature="CreateNewBlankPage(java.lang.String, java.lang.String, java.lang.String, java.lang.String, java.lang.String, java.lang.String)[pri:0, instance:com.confluence.test.CreateNewPageTest_Blank@6d85ada3]" name="CreateNewBlankPage" duration-ms="109588" started-at="2016-03-13T17:29:23Z" data-provider="DP For Creation of Blank Page" finished-at="2016-03-13T17:31:13Z">
          <params>
            <param index="0">
              <value>
                <![CDATA[Yes]]>
              </value>
            </param>
            <param index="1">
              <value>
                <![CDATA[https://pcaande.atlassian.net/login]]>
              </value>
            </param>
            <param index="2">
              <value>
                <![CDATA[ppeneojy@gmail.com]]>
              </value>
            </param>
            <param index="3">
              <value>
                <![CDATA[testCandidate!@#$%]]>
              </value>
            </param>
            <param index="4">
              <value>
                <![CDATA[Build with heart and balance]]>
              </value>
            </param>
            <param index="5">
              <value>
                <![CDATA[“Measure twice, cut once.” Whether you're building a birdhouse or a business, this is good advice. Passion and urgency infuse everything we do, alongside the wisdom to consider options fully and with care. Then we make the cut, and we get to work.]]>
              </value>
            </param>
          </params>
          <reporter-output>
          </reporter-output>
        </test-method> <!-- CreateNewBlankPage -->
        <test-method status="PASS" signature="TearDown()[pri:0, instance:com.confluence.test.CreateNewPageTest_Blank@6d85ada3]" name="TearDown" is-config="true" duration-ms="168" started-at="2016-03-13T17:31:13Z" finished-at="2016-03-13T17:31:13Z">
          <reporter-output>
          </reporter-output>
        </test-method> <!-- TearDown -->
        <test-method status="PASS" signature="SetUp()[pri:0, instance:com.confluence.test.CreateNewPageTest_Blank@6d85ada3]" name="SetUp" is-config="true" duration-ms="6925" started-at="2016-03-13T17:31:13Z" finished-at="2016-03-13T17:31:20Z">
          <reporter-output>
          </reporter-output>
        </test-method> <!-- SetUp -->
        <test-method status="PASS" signature="CreateNewBlankPage(java.lang.String, java.lang.String, java.lang.String, java.lang.String, java.lang.String, java.lang.String)[pri:0, instance:com.confluence.test.CreateNewPageTest_Blank@6d85ada3]" name="CreateNewBlankPage" duration-ms="172360" started-at="2016-03-13T17:31:20Z" data-provider="DP For Creation of Blank Page" finished-at="2016-03-13T17:34:12Z">
          <params>
            <param index="0">
              <value>
                <![CDATA[Yes]]>
              </value>
            </param>
            <param index="1">
              <value>
                <![CDATA[https://pcaande.atlassian.net/login]]>
              </value>
            </param>
            <param index="2">
              <value>
                <![CDATA[ppeneojy@gmail.com]]>
              </value>
            </param>
            <param index="3">
              <value>
                <![CDATA[testCandidate!@#$%]]>
              </value>
            </param>
            <param index="4">
              <value>
                <![CDATA[Don't #@!% the customer]]>
              </value>
            </param>
            <param index="5">
              <value>
                <![CDATA[Customers are our lifeblood. Without happy customers, we’re doomed. So considering the customer perspective - collectively, not just a handful - comes first.]]>
              </value>
            </param>
          </params>
          <reporter-output>
          </reporter-output>
        </test-method> <!-- CreateNewBlankPage -->
        <test-method status="PASS" signature="TearDown()[pri:0, instance:com.confluence.test.CreateNewPageTest_Blank@6d85ada3]" name="TearDown" is-config="true" duration-ms="188" started-at="2016-03-13T17:34:12Z" finished-at="2016-03-13T17:34:12Z">
          <reporter-output>
          </reporter-output>
        </test-method> <!-- TearDown -->
        <test-method status="PASS" signature="SetUp()[pri:0, instance:com.confluence.test.CreateNewPageTest_Blank@6d85ada3]" name="SetUp" is-config="true" duration-ms="7629" started-at="2016-03-13T17:34:12Z" finished-at="2016-03-13T17:34:20Z">
          <reporter-output>
          </reporter-output>
        </test-method> <!-- SetUp -->
        <test-method status="PASS" signature="CreateNewBlankPage(java.lang.String, java.lang.String, java.lang.String, java.lang.String, java.lang.String, java.lang.String)[pri:0, instance:com.confluence.test.CreateNewPageTest_Blank@6d85ada3]" name="CreateNewBlankPage" duration-ms="145089" started-at="2016-03-13T17:34:20Z" data-provider="DP For Creation of Blank Page" finished-at="2016-03-13T17:36:45Z">
          <params>
            <param index="0">
              <value>
                <![CDATA[Yes]]>
              </value>
            </param>
            <param index="1">
              <value>
                <![CDATA[https://pcaande.atlassian.net/login]]>
              </value>
            </param>
            <param index="2">
              <value>
                <![CDATA[ppeneojy@gmail.com]]>
              </value>
            </param>
            <param index="3">
              <value>
                <![CDATA[testCandidate!@#$%]]>
              </value>
            </param>
            <param index="4">
              <value>
                <![CDATA[Play, as a team]]>
              </value>
            </param>
            <param index="5">
              <value>
                <![CDATA[We spend a huge amount of our time at work. So the more that time doesn’t feel like “work,” the better. We can be serious, without taking ourselves too seriously. We strive to put what’s right for the team first – whether in a meeting room or on a football pitch.]]>
              </value>
            </param>
          </params>
          <reporter-output>
          </reporter-output>
        </test-method> <!-- CreateNewBlankPage -->
        <test-method status="PASS" signature="TearDown()[pri:0, instance:com.confluence.test.CreateNewPageTest_Blank@6d85ada3]" name="TearDown" is-config="true" duration-ms="224" started-at="2016-03-13T17:36:45Z" finished-at="2016-03-13T17:36:45Z">
          <reporter-output>
          </reporter-output>
        </test-method> <!-- TearDown -->
        <test-method status="PASS" signature="SetUp()[pri:0, instance:com.confluence.test.CreateNewPageTest_Blank@6d85ada3]" name="SetUp" is-config="true" duration-ms="7190" started-at="2016-03-13T17:36:45Z" finished-at="2016-03-13T17:36:53Z">
          <reporter-output>
          </reporter-output>
        </test-method> <!-- SetUp -->
        <test-method status="PASS" signature="CreateNewBlankPage(java.lang.String, java.lang.String, java.lang.String, java.lang.String, java.lang.String, java.lang.String)[pri:0, instance:com.confluence.test.CreateNewPageTest_Blank@6d85ada3]" name="CreateNewBlankPage" duration-ms="95701" started-at="2016-03-13T17:36:53Z" data-provider="DP For Creation of Blank Page" finished-at="2016-03-13T17:38:28Z">
          <params>
            <param index="0">
              <value>
                <![CDATA[Yes]]>
              </value>
            </param>
            <param index="1">
              <value>
                <![CDATA[https://pcaande.atlassian.net/login]]>
              </value>
            </param>
            <param index="2">
              <value>
                <![CDATA[ppeneojy@gmail.com]]>
              </value>
            </param>
            <param index="3">
              <value>
                <![CDATA[testCandidate!@#$%]]>
              </value>
            </param>
            <param index="4">
              <value>
                <![CDATA[Be the change you seek]]>
              </value>
            </param>
            <param index="5">
              <value>
                <![CDATA[All Atlassians should have the courage and resourcefulness to spark change – to make better our products, our people, our place. Continuous improvement is a shared responsibility. Action is an independent one.]]>
              </value>
            </param>
          </params>
          <reporter-output>
          </reporter-output>
        </test-method> <!-- CreateNewBlankPage -->
        <test-method status="PASS" signature="TearDown()[pri:0, instance:com.confluence.test.CreateNewPageTest_Blank@6d85ada3]" name="TearDown" is-config="true" duration-ms="123" started-at="2016-03-13T17:38:28Z" finished-at="2016-03-13T17:38:28Z">
          <reporter-output>
          </reporter-output>
        </test-method> <!-- TearDown -->
      </class> <!-- com.confluence.test.CreateNewPageTest_Blank -->
    </test> <!-- Default test -->
  </suite> <!-- Default suite -->
</testng-results>
