<?xml version="1.0" encoding="UTF-8"?>
<testng-results skipped="0" failed="0" total="2" passed="2">
  <reporter-output>
  </reporter-output>
  <suite name="Default suite" duration-ms="90915" started-at="2016-03-20T11:35:35Z" finished-at="2016-03-20T11:37:06Z">
    <groups>
    </groups>
    <test name="Default test" duration-ms="90915" started-at="2016-03-20T11:35:35Z" finished-at="2016-03-20T11:37:06Z">
      <class name="com.confluence.test.EditRestrictionsOnExistingPage$CreateNewPageTest_Blank">
        <test-method status="PASS" signature="SetUp()[pri:0, instance:com.confluence.test.EditRestrictionsOnExistingPage$CreateNewPageTest_Blank@3889c1ee]" name="SetUp" is-config="true" duration-ms="10069" started-at="2016-03-20T19:35:36Z" finished-at="2016-03-20T19:35:46Z">
          <reporter-output>
          </reporter-output>
        </test-method> <!-- SetUp -->
        <test-method status="PASS" signature="SetRestrictions(java.lang.String, java.lang.String, java.lang.String, java.lang.String, java.lang.String, java.lang.String, java.lang.String)[pri:0, instance:com.confluence.test.EditRestrictionsOnExistingPage$CreateNewPageTest_Blank@3889c1ee]" name="SetRestrictions" duration-ms="39155" started-at="2016-03-20T19:35:46Z" data-provider="DP For Validate Restriction Access" finished-at="2016-03-20T19:36:25Z">
          <params>
            <param index="0">
              <value>
                <![CDATA[Yes]]>
              </value>
            </param>
            <param index="1">
              <value>
                <![CDATA[https://pcaande.atlassian.net/login]]>
              </value>
            </param>
            <param index="2">
              <value>
                <![CDATA[ppeneojy@gmail.com]]>
              </value>
            </param>
            <param index="3">
              <value>
                <![CDATA[testCandidate!@#$%]]>
              </value>
            </param>
            <param index="4">
              <value>
                <![CDATA[Test]]>
              </value>
            </param>
            <param index="5">
              <value>
                <![CDATA[2016-03-09 Meeting notes]]>
              </value>
            </param>
            <param index="6">
              <value>
                <![CDATA[Philip Caande]]>
              </value>
            </param>
          </params>
          <reporter-output>
          </reporter-output>
        </test-method> <!-- SetRestrictions -->
        <test-method status="PASS" signature="TearDown()[pri:0, instance:com.confluence.test.EditRestrictionsOnExistingPage$CreateNewPageTest_Blank@3889c1ee]" name="TearDown" is-config="true" duration-ms="328" started-at="2016-03-20T19:36:25Z" finished-at="2016-03-20T19:36:25Z">
          <reporter-output>
          </reporter-output>
        </test-method> <!-- TearDown -->
        <test-method status="PASS" signature="SetUp()[pri:0, instance:com.confluence.test.EditRestrictionsOnExistingPage$CreateNewPageTest_Blank@3889c1ee]" name="SetUp" is-config="true" duration-ms="5938" started-at="2016-03-20T19:36:25Z" finished-at="2016-03-20T19:36:31Z">
          <reporter-output>
          </reporter-output>
        </test-method> <!-- SetUp -->
        <test-method status="PASS" signature="SetRestrictions(java.lang.String, java.lang.String, java.lang.String, java.lang.String, java.lang.String, java.lang.String, java.lang.String)[pri:0, instance:com.confluence.test.EditRestrictionsOnExistingPage$CreateNewPageTest_Blank@3889c1ee]" name="SetRestrictions" duration-ms="34783" started-at="2016-03-20T19:36:31Z" data-provider="DP For Validate Restriction Access" finished-at="2016-03-20T19:37:06Z">
          <params>
            <param index="0">
              <value>
                <![CDATA[Yes]]>
              </value>
            </param>
            <param index="1">
              <value>
                <![CDATA[https://pcaande.atlassian.net/login]]>
              </value>
            </param>
            <param index="2">
              <value>
                <![CDATA[ppeneojy@gmail.com]]>
              </value>
            </param>
            <param index="3">
              <value>
                <![CDATA[testCandidate!@#$%]]>
              </value>
            </param>
            <param index="4">
              <value>
                <![CDATA[Test]]>
              </value>
            </param>
            <param index="5">
              <value>
                <![CDATA[TestPage]]>
              </value>
            </param>
            <param index="6">
              <value>
                <![CDATA[Philip Caande]]>
              </value>
            </param>
          </params>
          <reporter-output>
          </reporter-output>
        </test-method> <!-- SetRestrictions -->
        <test-method status="PASS" signature="TearDown()[pri:0, instance:com.confluence.test.EditRestrictionsOnExistingPage$CreateNewPageTest_Blank@3889c1ee]" name="TearDown" is-config="true" duration-ms="187" started-at="2016-03-20T19:37:06Z" finished-at="2016-03-20T19:37:06Z">
          <reporter-output>
          </reporter-output>
        </test-method> <!-- TearDown -->
      </class> <!-- com.confluence.test.EditRestrictionsOnExistingPage$CreateNewPageTest_Blank -->
    </test> <!-- Default test -->
  </suite> <!-- Default suite -->
</testng-results>
